<?xml version="1.0" encoding="UTF-8"?>
<!-- Generated by org.testng.reporters.JUnitReportReporter -->
<testsuite hostname="LAPTOP-JOF3SAFA" failures="0" tests="5" name="testClasses.LoanCalculator_Amount_UI_Check" time="8.343" errors="0" timestamp="2023-10-07T23:37:20 IST" skipped="0">
  <testcase classname="testClasses.LoanCalculator_Amount_UI_Check" name="navigateToAmountCalculator" time="2.874"/>
  <system-out/>
  <testcase classname="testClasses.LoanCalculator_Amount_UI_Check" name="emiUICheck" time="1.019"/>
  <system-out/>
  <testcase classname="testClasses.LoanCalculator_Amount_UI_Check" name="interestRateUICheck" time="0.932"/>
  <system-out/>
  <testcase classname="testClasses.LoanCalculator_Amount_UI_Check" name="loantermUICheck" time="1.324"/>
  <system-out/>
  <testcase classname="testClasses.LoanCalculator_Amount_UI_Check" name="feeChargeUICheck" time="2.194"/>
  <system-out/>
</testsuite> <!-- testClasses.LoanCalculator_Amount_UI_Check -->
