<?xml version="1.0" encoding="UTF-8"?>
<!-- Generated by org.testng.reporters.JUnitReportReporter -->
<testsuite hostname="LAPTOP-JOF3SAFA" failures="0" tests="3" name="testClasses.HomeLoanEMICalculator" time="15.063" errors="0" timestamp="2023-10-07T23:37:20 IST" skipped="0">
  <testcase classname="testClasses.HomeLoanEMICalculator" name="navigateToHomeLoan" time="3.778"/>
  <system-out/>
  <testcase classname="testClasses.HomeLoanEMICalculator" name="fillRelevantData" time="5.232"/>
  <system-out/>
  <testcase classname="testClasses.HomeLoanEMICalculator" name="storeData" time="6.053"/>
  <system-out/>
</testsuite> <!-- testClasses.HomeLoanEMICalculator -->
