<?xml version="1.0" encoding="UTF-8"?>
<!-- Generated by org.testng.reporters.JUnitReportReporter -->
<testsuite hostname="LAPTOP-JOF3SAFA" failures="0" tests="5" name="testClasses.LoanCalculator_Tenure_UI_Check" time="7.041" errors="0" timestamp="2023-10-07T23:37:20 IST" skipped="0">
  <testcase classname="testClasses.LoanCalculator_Tenure_UI_Check" name="navigateToTenureCalculator" time="2.756"/>
  <system-out/>
  <testcase classname="testClasses.LoanCalculator_Tenure_UI_Check" name="loanAmountUICheck" time="1.151"/>
  <system-out/>
  <testcase classname="testClasses.LoanCalculator_Tenure_UI_Check" name="interestRateUICheck" time="1.082"/>
  <system-out/>
  <testcase classname="testClasses.LoanCalculator_Tenure_UI_Check" name="emiUICheck" time="1.059"/>
  <system-out/>
  <testcase classname="testClasses.LoanCalculator_Tenure_UI_Check" name="feeChargeUICheck" time="0.993"/>
  <system-out/>
</testsuite> <!-- testClasses.LoanCalculator_Tenure_UI_Check -->
