<?xml version="1.0" encoding="UTF-8"?>
<!-- Generated by org.testng.reporters.JUnitReportReporter -->
<testsuite hostname="LAPTOP-JOF3SAFA" failures="0" tests="5" name="testClasses.LoanCalculator_EMI_UI_Check" time="8.383" errors="0" timestamp="2023-10-07T23:37:20 IST" skipped="0">
  <testcase classname="testClasses.LoanCalculator_EMI_UI_Check" name="navigateToEMICalculator" time="2.526"/>
  <system-out/>
  <testcase classname="testClasses.LoanCalculator_EMI_UI_Check" name="loanAmountUICheck" time="1.185"/>
  <system-out/>
  <testcase classname="testClasses.LoanCalculator_EMI_UI_Check" name="interestRateUICheck" time="1.085"/>
  <system-out/>
  <testcase classname="testClasses.LoanCalculator_EMI_UI_Check" name="loanTermUICheck" time="1.373"/>
  <system-out/>
  <testcase classname="testClasses.LoanCalculator_EMI_UI_Check" name="feeChargeUICheck" time="2.214"/>
  <system-out/>
</testsuite> <!-- testClasses.LoanCalculator_EMI_UI_Check -->
